<?xml version="1.0" encoding="UTF-8"?>
<!-- Generated by org.testng.reporters.JUnitXMLReporter -->
<testsuite ignored="0" hostname="Mahesh" failures="0" tests="7" name="Default test" time="21.945" errors="0" timestamp="2023-03-17T23:59:14 IST">
  <testcase classname="selenium.academy.testresources.BasicChecks" name="getExcelDataTest" time="1.228"/>
  <testcase classname="selenium.academy.testresources.BasicChecks" name="login" time="0.366"/>
  <testcase classname="selenium.academy.testresources.BasicChecks" name="login" time="0.293"/>
  <testcase classname="selenium.academy.testresources.BasicChecks" name="login" time="0.317"/>
  <testcase classname="selenium.academy.testresources.BasicChecks" name="login" time="0.3"/>
  <testcase classname="selenium.academy.testresources.BasicChecks" name="verifyForgotPassword" time="0.779"/>
  <testcase classname="selenium.academy.testresources.BasicChecks" name="verifyUi" time="0.227"/>
</testsuite> <!-- Default test -->
