<?xml version="1.0" encoding="UTF-8"?>
<!-- Generated by org.testng.reporters.JUnitXMLReporter -->
<testsuite ignored="0" hostname="Mahesh" failures="0" tests="8" name="Test" time="32.518" errors="0" timestamp="2023-03-23T23:18:25 IST">
  <testcase classname="selenium.academy.testcases.BasicChecks" name="login" time="0.613"/>
  <testcase classname="selenium.academy.testcases.BasicChecks" name="login" time="0.636"/>
  <testcase classname="selenium.academy.testcases.BasicChecks" name="login" time="0.635"/>
  <testcase classname="selenium.academy.testcases.BasicChecks" name="login" time="0.504"/>
  <testcase classname="selenium.academy.testcases.BasicChecks" name="verifyForgotPassword" time="0.799"/>
  <testcase classname="selenium.academy.testcases.BasicChecks" name="verifyRegistration" time="1.407"/>
  <testcase classname="selenium.academy.testcases.BasicChecks" name="verifyRegistration" time="2.151"/>
  <testcase classname="selenium.academy.testcases.BasicChecks" name="verifyUi" time="0.182"/>
</testsuite> <!-- Test -->
