<?xml version="1.0" encoding="UTF-8"?>
<!-- Generated by org.testng.reporters.JUnitXMLReporter -->
<testsuite ignored="0" hostname="Mahesh" failures="0" tests="8" name="Test" time="31.185" errors="0" timestamp="2023-03-19T00:34:52 IST">
  <testcase classname="selenium.academy.testresources.BasicChecks" name="login" time="0.625"/>
  <testcase classname="selenium.academy.testresources.BasicChecks" name="login" time="0.678"/>
  <testcase classname="selenium.academy.testresources.BasicChecks" name="login" time="0.711"/>
  <testcase classname="selenium.academy.testresources.BasicChecks" name="login" time="0.432"/>
  <testcase classname="selenium.academy.testresources.BasicChecks" name="verifyForgotPassword" time="0.814"/>
  <testcase classname="selenium.academy.testresources.BasicChecks" name="verifyRegistration" time="1.511"/>
  <testcase classname="selenium.academy.testresources.BasicChecks" name="verifyRegistration" time="2.162"/>
  <testcase classname="selenium.academy.testresources.BasicChecks" name="verifyUi" time="0.343"/>
</testsuite> <!-- Test -->
