<?xml version="1.0" encoding="UTF-8"?>
<testng-results ignored="0" total="8" passed="8" failed="0" skipped="0">
  <reporter-output>
  </reporter-output>
  <suite started-at="2023-03-23T23:17:53 IST" name="Academic" finished-at="2023-03-23T23:18:25 IST" duration-ms="32518">
    <groups>
    </groups>
    <test started-at="2023-03-23T23:17:53 IST" name="Test" finished-at="2023-03-23T23:18:25 IST" duration-ms="32518">
      <class name="selenium.academy.testcases.BasicChecks">
        <test-method is-config="true" signature="init()[pri:0, instance:selenium.academy.testcases.BasicChecks@1da2cb77]" started-at="2023-03-23T23:17:54 IST" name="init" finished-at="2023-03-23T23:17:57 IST" duration-ms="2722" status="PASS">
          <reporter-output>
          </reporter-output>
        </test-method> <!-- init -->
        <test-method signature="login(java.lang.String,java.lang.String,java.lang.String)[pri:0, instance:selenium.academy.testcases.BasicChecks@1da2cb77]" started-at="2023-03-23T23:17:57 IST" name="login" data-provider="getLoginDetails" finished-at="2023-03-23T23:17:57 IST" duration-ms="613" status="PASS">
          <params>
            <param index="0">
              <value>
                <![CDATA[t.maheshbsc@gmail.com]]>
              </value>
            </param>
            <param index="1">
              <value>
                <![CDATA[Qwe213as@]]>
              </value>
            </param>
            <param index="2">
              <value>
                <![CDATA[Invalid]]>
              </value>
            </param>
          </params>
          <reporter-output>
          </reporter-output>
        </test-method> <!-- login -->
        <test-method is-config="true" signature="teardown()[pri:0, instance:selenium.academy.testcases.BasicChecks@1da2cb77]" started-at="2023-03-23T23:17:57 IST" name="teardown" finished-at="2023-03-23T23:17:58 IST" duration-ms="532" status="PASS">
          <reporter-output>
          </reporter-output>
        </test-method> <!-- teardown -->
        <test-method is-config="true" signature="init()[pri:0, instance:selenium.academy.testcases.BasicChecks@1da2cb77]" started-at="2023-03-23T23:17:58 IST" name="init" finished-at="2023-03-23T23:17:59 IST" duration-ms="1395" status="PASS">
          <reporter-output>
          </reporter-output>
        </test-method> <!-- init -->
        <test-method signature="login(java.lang.String,java.lang.String,java.lang.String)[pri:0, instance:selenium.academy.testcases.BasicChecks@1da2cb77]" started-at="2023-03-23T23:17:59 IST" name="login" data-provider="getLoginDetails" finished-at="2023-03-23T23:18:00 IST" duration-ms="636" status="PASS">
          <params>
            <param index="0">
              <value>
                <![CDATA[Test@email.com]]>
              </value>
            </param>
            <param index="1">
              <value>
                <![CDATA[Qwe213as@]]>
              </value>
            </param>
            <param index="2">
              <value>
                <![CDATA[Valid]]>
              </value>
            </param>
          </params>
          <reporter-output>
          </reporter-output>
        </test-method> <!-- login -->
        <test-method is-config="true" signature="teardown()[pri:0, instance:selenium.academy.testcases.BasicChecks@1da2cb77]" started-at="2023-03-23T23:18:00 IST" name="teardown" finished-at="2023-03-23T23:18:00 IST" duration-ms="439" status="PASS">
          <reporter-output>
          </reporter-output>
        </test-method> <!-- teardown -->
        <test-method is-config="true" signature="init()[pri:0, instance:selenium.academy.testcases.BasicChecks@1da2cb77]" started-at="2023-03-23T23:18:00 IST" name="init" finished-at="2023-03-23T23:18:04 IST" duration-ms="3209" status="PASS">
          <reporter-output>
          </reporter-output>
        </test-method> <!-- init -->
        <test-method signature="login(java.lang.String,java.lang.String,java.lang.String)[pri:0, instance:selenium.academy.testcases.BasicChecks@1da2cb77]" started-at="2023-03-23T23:18:04 IST" name="login" data-provider="getLoginDetails" finished-at="2023-03-23T23:18:04 IST" duration-ms="635" status="PASS">
          <params>
            <param index="0">
              <value>
                <![CDATA[best@test.com]]>
              </value>
            </param>
            <param index="1">
              <value>
                <![CDATA[test1234]]>
              </value>
            </param>
            <param index="2">
              <value>
                <![CDATA[Valid]]>
              </value>
            </param>
          </params>
          <reporter-output>
          </reporter-output>
        </test-method> <!-- login -->
        <test-method is-config="true" signature="teardown()[pri:0, instance:selenium.academy.testcases.BasicChecks@1da2cb77]" started-at="2023-03-23T23:18:04 IST" name="teardown" finished-at="2023-03-23T23:18:05 IST" duration-ms="365" status="PASS">
          <reporter-output>
          </reporter-output>
        </test-method> <!-- teardown -->
        <test-method is-config="true" signature="init()[pri:0, instance:selenium.academy.testcases.BasicChecks@1da2cb77]" started-at="2023-03-23T23:18:05 IST" name="init" finished-at="2023-03-23T23:18:08 IST" duration-ms="3038" status="PASS">
          <reporter-output>
          </reporter-output>
        </test-method> <!-- init -->
        <test-method signature="login(java.lang.String,java.lang.String,java.lang.String)[pri:0, instance:selenium.academy.testcases.BasicChecks@1da2cb77]" started-at="2023-03-23T23:18:08 IST" name="login" data-provider="getLoginDetails" finished-at="2023-03-23T23:18:08 IST" duration-ms="504" status="PASS">
          <params>
            <param index="0">
              <value>
                <![CDATA[Dummy@test.com]]>
              </value>
            </param>
            <param index="1">
              <value>
                <![CDATA[Dummyp]]>
              </value>
            </param>
            <param index="2">
              <value>
                <![CDATA[Invalid]]>
              </value>
            </param>
          </params>
          <reporter-output>
          </reporter-output>
        </test-method> <!-- login -->
        <test-method is-config="true" signature="teardown()[pri:0, instance:selenium.academy.testcases.BasicChecks@1da2cb77]" started-at="2023-03-23T23:18:08 IST" name="teardown" finished-at="2023-03-23T23:18:09 IST" duration-ms="513" status="PASS">
          <reporter-output>
          </reporter-output>
        </test-method> <!-- teardown -->
        <test-method is-config="true" signature="init()[pri:0, instance:selenium.academy.testcases.BasicChecks@1da2cb77]" started-at="2023-03-23T23:18:09 IST" name="init" finished-at="2023-03-23T23:18:11 IST" duration-ms="2714" status="PASS">
          <reporter-output>
          </reporter-output>
        </test-method> <!-- init -->
        <test-method signature="verifyForgotPassword()[pri:0, instance:selenium.academy.testcases.BasicChecks@1da2cb77]" started-at="2023-03-23T23:18:11 IST" name="verifyForgotPassword" finished-at="2023-03-23T23:18:12 IST" duration-ms="799" status="PASS">
          <reporter-output>
          </reporter-output>
        </test-method> <!-- verifyForgotPassword -->
        <test-method is-config="true" signature="teardown()[pri:0, instance:selenium.academy.testcases.BasicChecks@1da2cb77]" started-at="2023-03-23T23:18:12 IST" name="teardown" finished-at="2023-03-23T23:18:13 IST" duration-ms="524" status="PASS">
          <reporter-output>
          </reporter-output>
        </test-method> <!-- teardown -->
        <test-method is-config="true" signature="init()[pri:0, instance:selenium.academy.testcases.BasicChecks@1da2cb77]" started-at="2023-03-23T23:18:13 IST" name="init" finished-at="2023-03-23T23:18:16 IST" duration-ms="2702" status="PASS">
          <reporter-output>
          </reporter-output>
        </test-method> <!-- init -->
        <test-method signature="verifyRegistration(java.lang.String,java.lang.String,java.lang.String,java.lang.String,java.lang.String,java.lang.String,java.lang.String,java.lang.String,java.lang.String)[pri:0, instance:selenium.academy.testcases.BasicChecks@1da2cb77]" started-at="2023-03-23T23:18:16 IST" name="verifyRegistration" data-provider="getRegistrationData" finished-at="2023-03-23T23:18:17 IST" duration-ms="1407" status="PASS">
          <params>
            <param index="0">
              <value>
                <![CDATA[Mahesh]]>
              </value>
            </param>
            <param index="1">
              <value>
                <![CDATA[Thammanaveni]]>
              </value>
            </param>
            <param index="2">
              <value>
                <![CDATA[t.maheshbsc@gmail.com]]>
              </value>
            </param>
            <param index="3">
              <value>
                <![CDATA[2987123481]]>
              </value>
            </param>
            <param index="4">
              <value>
                <![CDATA[Engineer]]>
              </value>
            </param>
            <param index="5">
              <value>
                <![CDATA[Male]]>
              </value>
            </param>
            <param index="6">
              <value>
                <![CDATA[Qwe213as#]]>
              </value>
            </param>
            <param index="7">
              <value>
                <![CDATA[Qwe213as#]]>
              </value>
            </param>
            <param index="8">
              <value>
                <![CDATA[Existing]]>
              </value>
            </param>
          </params>
          <reporter-output>
          </reporter-output>
        </test-method> <!-- verifyRegistration -->
        <test-method is-config="true" signature="teardown()[pri:0, instance:selenium.academy.testcases.BasicChecks@1da2cb77]" started-at="2023-03-23T23:18:17 IST" name="teardown" finished-at="2023-03-23T23:18:17 IST" duration-ms="349" status="PASS">
          <reporter-output>
          </reporter-output>
        </test-method> <!-- teardown -->
        <test-method is-config="true" signature="init()[pri:0, instance:selenium.academy.testcases.BasicChecks@1da2cb77]" started-at="2023-03-23T23:18:17 IST" name="init" finished-at="2023-03-23T23:18:21 IST" duration-ms="3826" status="PASS">
          <reporter-output>
          </reporter-output>
        </test-method> <!-- init -->
        <test-method signature="verifyRegistration(java.lang.String,java.lang.String,java.lang.String,java.lang.String,java.lang.String,java.lang.String,java.lang.String,java.lang.String,java.lang.String)[pri:0, instance:selenium.academy.testcases.BasicChecks@1da2cb77]" started-at="2023-03-23T23:18:21 IST" name="verifyRegistration" data-provider="getRegistrationData" finished-at="2023-03-23T23:18:23 IST" duration-ms="2151" status="PASS">
          <params>
            <param index="0">
              <value>
                <![CDATA[Chilly]]>
              </value>
            </param>
            <param index="1">
              <value>
                <![CDATA[Flakes]]>
              </value>
            </param>
            <param index="2">
              <value>
                <![CDATA[Chilly.flakes@gmail.com]]>
              </value>
            </param>
            <param index="3">
              <value>
                <![CDATA[9876543211]]>
              </value>
            </param>
            <param index="4">
              <value>
                <![CDATA[Doctor]]>
              </value>
            </param>
            <param index="5">
              <value>
                <![CDATA[Female]]>
              </value>
            </param>
            <param index="6">
              <value>
                <![CDATA[tesTer123@]]>
              </value>
            </param>
            <param index="7">
              <value>
                <![CDATA[tesTer123@]]>
              </value>
            </param>
            <param index="8">
              <value>
                <![CDATA[New]]>
              </value>
            </param>
          </params>
          <reporter-output>
          </reporter-output>
        </test-method> <!-- verifyRegistration -->
        <test-method is-config="true" signature="teardown()[pri:0, instance:selenium.academy.testcases.BasicChecks@1da2cb77]" started-at="2023-03-23T23:18:23 IST" name="teardown" finished-at="2023-03-23T23:18:24 IST" duration-ms="321" status="PASS">
          <reporter-output>
          </reporter-output>
        </test-method> <!-- teardown -->
        <test-method is-config="true" signature="init()[pri:0, instance:selenium.academy.testcases.BasicChecks@1da2cb77]" started-at="2023-03-23T23:18:24 IST" name="init" finished-at="2023-03-23T23:18:25 IST" duration-ms="1400" status="PASS">
          <reporter-output>
          </reporter-output>
        </test-method> <!-- init -->
        <test-method signature="verifyUi()[pri:0, instance:selenium.academy.testcases.BasicChecks@1da2cb77]" started-at="2023-03-23T23:18:25 IST" name="verifyUi" finished-at="2023-03-23T23:18:25 IST" duration-ms="182" status="PASS">
          <reporter-output>
          </reporter-output>
        </test-method> <!-- verifyUi -->
        <test-method is-config="true" signature="teardown()[pri:0, instance:selenium.academy.testcases.BasicChecks@1da2cb77]" started-at="2023-03-23T23:18:25 IST" name="teardown" finished-at="2023-03-23T23:18:25 IST" duration-ms="269" status="PASS">
          <reporter-output>
          </reporter-output>
        </test-method> <!-- teardown -->
      </class> <!-- selenium.academy.testcases.BasicChecks -->
    </test> <!-- Test -->
  </suite> <!-- Academic -->
</testng-results>
