<?xml version="1.0" encoding="UTF-8"?>
<testng-results ignored="0" total="3" passed="3" failed="0" skipped="0">
  <reporter-output>
  </reporter-output>
  <suite started-at="2023-03-12T23:10:35 IST" name="Default suite" finished-at="2023-03-12T23:10:50 IST" duration-ms="15093">
    <groups>
    </groups>
    <test started-at="2023-03-12T23:10:35 IST" name="Default test" finished-at="2023-03-12T23:10:50 IST" duration-ms="15093">
      <class name="selenium.academy.testresources.BasicChecks">
        <test-method is-config="true" signature="init()[pri:0, instance:selenium.academy.testresources.BasicChecks@53fdffa1]" started-at="2023-03-12T23:10:35 IST" name="init" finished-at="2023-03-12T23:10:40 IST" duration-ms="5140" status="PASS">
          <reporter-output>
          </reporter-output>
        </test-method> <!-- init -->
        <test-method signature="login()[pri:0, instance:selenium.academy.testresources.BasicChecks@53fdffa1]" started-at="2023-03-12T23:10:40 IST" name="login" finished-at="2023-03-12T23:10:40 IST" duration-ms="432" status="PASS">
          <reporter-output>
          </reporter-output>
        </test-method> <!-- login -->
        <test-method is-config="true" signature="teardown()[pri:0, instance:selenium.academy.testresources.BasicChecks@53fdffa1]" started-at="2023-03-12T23:10:40 IST" name="teardown" finished-at="2023-03-12T23:10:41 IST" duration-ms="370" status="PASS">
          <reporter-output>
          </reporter-output>
        </test-method> <!-- teardown -->
        <test-method is-config="true" signature="init()[pri:0, instance:selenium.academy.testresources.BasicChecks@53fdffa1]" started-at="2023-03-12T23:10:41 IST" name="init" finished-at="2023-03-12T23:10:45 IST" duration-ms="3961" status="PASS">
          <reporter-output>
          </reporter-output>
        </test-method> <!-- init -->
        <test-method signature="verifyForgotPassword()[pri:0, instance:selenium.academy.testresources.BasicChecks@53fdffa1]" started-at="2023-03-12T23:10:45 IST" name="verifyForgotPassword" finished-at="2023-03-12T23:10:46 IST" duration-ms="798" status="PASS">
          <reporter-output>
          </reporter-output>
        </test-method> <!-- verifyForgotPassword -->
        <test-method is-config="true" signature="teardown()[pri:0, instance:selenium.academy.testresources.BasicChecks@53fdffa1]" started-at="2023-03-12T23:10:46 IST" name="teardown" finished-at="2023-03-12T23:10:46 IST" duration-ms="292" status="PASS">
          <reporter-output>
          </reporter-output>
        </test-method> <!-- teardown -->
        <test-method is-config="true" signature="init()[pri:0, instance:selenium.academy.testresources.BasicChecks@53fdffa1]" started-at="2023-03-12T23:10:46 IST" name="init" finished-at="2023-03-12T23:10:49 IST" duration-ms="3418" status="PASS">
          <reporter-output>
          </reporter-output>
        </test-method> <!-- init -->
        <test-method signature="verifyUi()[pri:0, instance:selenium.academy.testresources.BasicChecks@53fdffa1]" started-at="2023-03-12T23:10:49 IST" name="verifyUi" finished-at="2023-03-12T23:10:50 IST" duration-ms="233" status="PASS">
          <reporter-output>
          </reporter-output>
        </test-method> <!-- verifyUi -->
        <test-method is-config="true" signature="teardown()[pri:0, instance:selenium.academy.testresources.BasicChecks@53fdffa1]" started-at="2023-03-12T23:10:50 IST" name="teardown" finished-at="2023-03-12T23:10:50 IST" duration-ms="384" status="PASS">
          <reporter-output>
          </reporter-output>
        </test-method> <!-- teardown -->
      </class> <!-- selenium.academy.testresources.BasicChecks -->
    </test> <!-- Default test -->
  </suite> <!-- Default suite -->
</testng-results>
